<?xml version="1.0" encoding="UTF-8"?>
<!-- Generated by org.testng.reporters.JUnitReportReporter -->
<testsuite skipped="0" hostname="BDC6-DX-6DMDNK2" name="Count" tests="1" failures="0" timestamp="17 Jun 2019 07:41:33 GMT" time="8.641" errors="0">
  <testcase name="countitems" time="8.641" classname="Count"/>
</testsuite> <!-- Count -->
