<?xml version="1.0" encoding="UTF-8"?>
<!-- Generated by org.testng.reporters.JUnitReportReporter -->
<testsuite skipped="0" hostname="BDC6-DX-6DMDNK2" name="Creditcard" tests="1" failures="0" timestamp="17 Jun 2019 10:02:10 GMT" time="21.778" errors="0">
  <testcase name="cardcount" time="21.778" classname="Creditcard"/>
</testsuite> <!-- Creditcard -->
