<?xml version="1.0" encoding="UTF-8"?>
<!-- Generated by org.testng.reporters.JUnitReportReporter -->
<testsuite skipped="0" hostname="BDC6-DX-6DMDNK2" name="Selenium_Register" tests="1" failures="0" timestamp="14 Jun 2019 04:06:17 GMT" time="10.196" errors="0">
  <testcase name="googlepage" time="10.196" classname="Selenium_Register"/>
</testsuite> <!-- Selenium_Register -->
