<?xml version="1.0" encoding="UTF-8"?>
<!-- Generated by org.testng.reporters.JUnitReportReporter -->
<testsuite skipped="0" hostname="BDC6-DX-6DMDNK2" name="Selenium2" tests="1" failures="0" timestamp="13 Jun 2019 10:39:57 GMT" time="13.032" errors="0">
  <testcase name="googlepage" time="13.032" classname="Selenium2"/>
</testsuite> <!-- Selenium2 -->
