<?xml version="1.0" encoding="UTF-8"?>
<!-- Generated by org.testng.reporters.JUnitReportReporter -->
<testsuite skipped="0" hostname="BDC6-DX-6DMDNK2" name="DataDriven1" tests="1" failures="0" timestamp="18 Jun 2019 07:11:53 GMT" time="1.424" errors="0">
  <testcase name="datadriven" time="1.424" classname="DataDriven1"/>
</testsuite> <!-- DataDriven1 -->
